<?xml version="1.0" encoding="UTF-8"?>
<!-- Generated by org.testng.reporters.JUnitReportReporter -->
<testsuite hostname="CEDINTL907" failures="0" tests="9" name="tests.DBX634.CercaCodiceFiscale" time="279.132" errors="1" timestamp="2024-07-17T11:53:01 EEST" skipped="8">
  <testcase classname="tests.DBX634.CercaCodiceFiscale" name="navigToDbxAN" time="279.132">
    <error message="Currently selected window has been closed (WARNING: The server did not provide any stacktrace information)
Command duration or timeout: 0 milliseconds
Build info: version: &#039;3.141.59&#039;, revision: &#039;e82be7d358&#039;, time: &#039;2018-11-14T08:17:03&#039;
System info: host: &#039;CEDINTL907&#039;, ip: &#039;10.199.205.36&#039;, os.name: &#039;Windows 11&#039;, os.arch: &#039;amd64&#039;, os.version: &#039;10.0&#039;, java.version: &#039;22.0.1&#039;
Driver info: io.appium.java_client.windows.WindowsDriver
Capabilities {appTopLevelWindow: 60b74, javascriptEnabled: true, platform: WINDOWS, platformName: Windows}
Session ID: D400DE24-DBEA-4E9D-9FD8-9165D9BA09E9
*** Element info: {Using=accessibility id, value=menu_item_id_FITT0027}" type="org.openqa.selenium.NoSuchWindowException">
      <![CDATA[org.openqa.selenium.NoSuchWindowException: Currently selected window has been closed (WARNING: The server did not provide any stacktrace information)
Command duration or timeout: 0 milliseconds
Build info: version: '3.141.59', revision: 'e82be7d358', time: '2018-11-14T08:17:03'
System info: host: 'CEDINTL907', ip: '10.199.205.36', os.name: 'Windows 11', os.arch: 'amd64', os.version: '10.0', java.version: '22.0.1'
Driver info: io.appium.java_client.windows.WindowsDriver
Capabilities {appTopLevelWindow: 60b74, javascriptEnabled: true, platform: WINDOWS, platformName: Windows}
Session ID: D400DE24-DBEA-4E9D-9FD8-9165D9BA09E9
*** Element info: {Using=accessibility id, value=menu_item_id_FITT0027}
at java.base/jdk.internal.reflect.DirectConstructorHandleAccessor.newInstance(DirectConstructorHandleAccessor.java:62)
at java.base/java.lang.reflect.Constructor.newInstanceWithCaller(Constructor.java:502)
at java.base/java.lang.reflect.Constructor.newInstance(Constructor.java:486)
at org.openqa.selenium.remote.ErrorHandler.createThrowable(ErrorHandler.java:214)
at org.openqa.selenium.remote.ErrorHandler.throwIfResponseFailed(ErrorHandler.java:166)
at org.openqa.selenium.remote.http.JsonHttpResponseCodec.reconstructValue(JsonHttpResponseCodec.java:40)
at org.openqa.selenium.remote.http.AbstractHttpResponseCodec.decode(AbstractHttpResponseCodec.java:80)
at org.openqa.selenium.remote.http.AbstractHttpResponseCodec.decode(AbstractHttpResponseCodec.java:44)
at org.openqa.selenium.remote.HttpCommandExecutor.execute(HttpCommandExecutor.java:158)
at io.appium.java_client.remote.AppiumCommandExecutor.execute(AppiumCommandExecutor.java:250)
at org.openqa.selenium.remote.RemoteWebDriver.execute(RemoteWebDriver.java:552)
at io.appium.java_client.DefaultGenericMobileDriver.execute(DefaultGenericMobileDriver.java:41)
at io.appium.java_client.AppiumDriver.execute(AppiumDriver.java:1)
at io.appium.java_client.windows.WindowsDriver.execute(WindowsDriver.java:1)
at org.openqa.selenium.remote.RemoteWebDriver.findElement(RemoteWebDriver.java:323)
at io.appium.java_client.DefaultGenericMobileDriver.findElement(DefaultGenericMobileDriver.java:61)
at io.appium.java_client.AppiumDriver.findElement(AppiumDriver.java:1)
at io.appium.java_client.windows.WindowsDriver.findElement(WindowsDriver.java:1)
at io.appium.java_client.FindsByAccessibilityId.findElementByAccessibilityId(FindsByAccessibilityId.java:37)
at pom.pws.NavigDBX.<init>(NavBarSection.java:19)
at base.BaseClass.navigToDbxAN(BaseClass.java:106)
at java.base/jdk.internal.reflect.DirectMethodHandleAccessor.invoke(DirectMethodHandleAccessor.java:103)
at java.base/java.lang.reflect.Method.invoke(Method.java:580)
at org.testng.internal.invokers.MethodInvocationHelper.invokeMethod(MethodInvocationHelper.java:139)
at org.testng.internal.invokers.MethodInvocationHelper.invokeMethodConsideringTimeout(MethodInvocationHelper.java:69)
at org.testng.internal.invokers.ConfigInvoker.invokeConfigurationMethod(ConfigInvoker.java:393)
at org.testng.internal.invokers.ConfigInvoker.invokeConfigurations(ConfigInvoker.java:326)
at org.testng.TestRunner.invokeTestConfigurations(TestRunner.java:661)
at org.testng.TestRunner.beforeRun(TestRunner.java:650)
at org.testng.TestRunner.run(TestRunner.java:612)
at org.testng.SuiteRunner.runTest(SuiteRunner.java:443)
at org.testng.SuiteRunner.runSequentially(SuiteRunner.java:437)
at org.testng.SuiteRunner.privateRun(SuiteRunner.java:397)
at org.testng.SuiteRunner.run(SuiteRunner.java:336)
at org.testng.SuiteRunnerWorker.runSuite(SuiteRunnerWorker.java:52)
at org.testng.SuiteRunnerWorker.run(SuiteRunnerWorker.java:95)
at org.testng.TestNG.runSuitesSequentially(TestNG.java:1301)
at org.testng.TestNG.runSuitesLocally(TestNG.java:1228)
at org.testng.TestNG.runSuites(TestNG.java:1134)
at org.testng.TestNG.run(TestNG.java:1101)
at com.intellij.rt.testng.IDEARemoteTestNG.run(IDEARemoteTestNG.java:65)
at com.intellij.rt.testng.RemoteTestNGStarter.main(RemoteTestNGStarter.java:105)
]]>
    </error>
  </testcase> <!-- navigToDbxAN -->
  <testcase classname="tests.DBX634.CercaCodiceFiscale" name="logInDBX" time="0.000">
    <skipped/>
  </testcase> <!-- logInDBX -->
  <testcase classname="tests.DBX634.CercaCodiceFiscale" name="checkIfDbxIsVisible" time="0.000">
    <skipped/>
  </testcase> <!-- checkIfDbxIsVisible -->
  <testcase classname="tests.DBX634.CercaCodiceFiscale" name="cercaCodicefiscaleDropDown" time="0.000">
    <skipped/>
  </testcase> <!-- cercaCodicefiscaleDropDown -->
  <testcase classname="tests.DBX634.CercaCodiceFiscale" name="cercaCodicefiscaleDropDown" time="0.000">
    <skipped/>
  </testcase> <!-- cercaCodicefiscaleDropDown -->
  <testcase classname="tests.DBX634.CercaCodiceFiscale" name="cercaCodicefiscaleDropDown" time="0.000">
    <skipped/>
  </testcase> <!-- cercaCodicefiscaleDropDown -->
  <testcase classname="tests.DBX634.CercaCodiceFiscale" name="cercaCodiceFiscale" time="0.000">
    <skipped/>
  </testcase> <!-- cercaCodiceFiscale -->
  <testcase classname="tests.DBX634.CercaCodiceFiscale" name="cercaCodiceFiscale" time="0.000">
    <skipped/>
  </testcase> <!-- cercaCodiceFiscale -->
  <testcase classname="tests.DBX634.CercaCodiceFiscale" name="cercaCodiceFiscale" time="0.000">
    <skipped/>
  </testcase> <!-- cercaCodiceFiscale -->
</testsuite> <!-- tests.DBX634.CercaCodiceFiscale -->
